[    0.000000] Initializing cgroup subsys cpuset
[    0.000000] Initializing cgroup subsys cpu
[    0.000000] Initializing cgroup subsys cpuacct
[    0.000000] Linux version 4.4.0-131-generic (buildd@lgw01-amd64-015) (gcc version 5.4.0 20160609 (Ubuntu 5.4.0-6ubuntu1~16.04.10) ) #157-Ubuntu SMP Thu Jul 12 15:51:36 UTC 2018 (Ubuntu 4.4.0-131.157-generic 4.4.134)
[    0.000000] Command line: BOOT_IMAGE=/boot/vmlinuz-4.4.0-131-generic root=LABEL=cloudimg-rootfs ro console=tty1 console=ttyS0
[    0.000000] KERNEL supported cpus:
[    0.000000]   Intel GenuineIntel
[    0.000000]   AMD AuthenticAMD
[    0.000000]   Centaur CentaurHauls
[    0.000000] x86/fpu: xstate_offset[2]:  576, xstate_sizes[2]:  256
[    0.000000] x86/fpu: Supporting XSAVE feature 0x01: 'x87 floating point registers'
[    0.000000] x86/fpu: Supporting XSAVE feature 0x02: 'SSE registers'
[    0.000000] x86/fpu: Supporting XSAVE feature 0x04: 'AVX registers'
[    0.000000] x86/fpu: Enabled xstate features 0x7, context size is 832 bytes, using 'standard' format.
[    0.000000] x86/fpu: Using 'eager' FPU context switches.
[    0.000000] e820: BIOS-provided physical RAM map:
[    0.000000] BIOS-e820: [mem 0x0000000000000000-0x000000000009fbff] usable
[    0.000000] BIOS-e820: [mem 0x000000000009fc00-0x000000000009ffff] reserved
[    0.000000] BIOS-e820: [mem 0x00000000000f0000-0x00000000000fffff] reserved
[    0.000000] BIOS-e820: [mem 0x0000000000100000-0x000000003ffeffff] usable
[    0.000000] BIOS-e820: [mem 0x000000003fff0000-0x000000003fffffff] ACPI data
[    0.000000] BIOS-e820: [mem 0x00000000fec00000-0x00000000fec00fff] reserved
[    0.000000] BIOS-e820: [mem 0x00000000fee00000-0x00000000fee00fff] reserved
[    0.000000] BIOS-e820: [mem 0x00000000fffc0000-0x00000000ffffffff] reserved
[  0.000000] NX (Execute Disable) protection: active
[    0.000000] SMBIOS 2.5 present.
[    0.000000] Hypervisor detected: KVM
[    0.000000] e820: last_pfn = 0x3fff0 max_arch_pfn = 0x400000000
[    0.000000] MTRR: Disabled
[    0.000000] x86/PAT: MTRRs disabled, skipping PAT initialization too.
[  0.000000] CPMTRRs all blank - virtualized system.
[    0.000000] x86/PAT: Configuration [0-7]: WB  WT  UC- UC  WB  WT  UC- UC  
[    0.000000] found SMP MP-table at [mem 0x0009fff0-0x0009ffff] mapped at [ffff88000009fff0]
[    0.000000] Scanning 1 areas for low memory corruption
[    0.000000] RAMDISK: [mem 0x3630c000-0x3717dfff]
[    0.000000] ACPI: Early table checksum verification disabled
[    0.000000] ACPI: RSDP 0x00000000000E0000 000024 (v02 VBOX  )
[    0.000000] ACPI: XSD 0x000000003FFF0030 00003C (v01 VBOX   VBOXXSDT 00000001 ASL  00000061)
[    0.000000] ACPI: FACP 0x000000003FFF00F0 0000F4 (v04 VBOX   VBOXFACP 00000001 ASL  00000061)
[    0.000000] ACPI: DSDT 0x000000003FFF0470 0021FF (v02 VBOX   VBOXBIOS 00000002 INTL 20100528)
[    0.000000] ACPI: FACS 0x000000003FFF0200 000040
[    0.000000] ACPI: FACS 0x000000003FFF0200 000040
[    0.000000] ACPI: APIC 0x000000003FFF0240 00005C (v02 VBOX   VBOXAPIC 00000001 ASL  00000061)
[    0.000000] ACPI: SSDT 0x000000003FFF02A0 0001CC (v01 VBOX   VBOXCPUT 00000002 INTL 20100528)
[    0.000000] No NUMA configuration found
[    0.000000] Faking a node at [mem 0x0000000000000000-0x000000003ffeffff]
[    0.000000] NODE_DATA(0) allocated [mem 0x3ffeb000-0x3ffeffff]
[    0.000000] kvm-clock: Using msrs 4b564d01 and 4b564d00
[    0.000000] kvm-clock: cpu 0, msr 0:3ffe3001, primary cpu clock
[    0.000000] kvm-clock: using sched offset of 4586063045 cycles
[    0.000000] clocksource: kvm-clock: mask: 0xffffffffffffffff max_cycles: 0x1cd42e4dffb, max_idle_ns: 881590591483 ns
[    0.000000] Zone ranges:
[    0.000000]   DMA      [mem 0x0000000000001000-0x0000000000ffffff]
[    0.000000]   DMA32    [mem 0x0000000001000000-0x000000003ffeffff]
[    0.000000]   Normal   empty
[    0.000000]   Device   empty
[    0.000000] Movable zone start for each node
[    0.000000] Early memory node ranges
[    0.000000]   node   0: [mem 0x0000000000001000-0x000000000009efff]
[    0.000000]   node   0: [mem 0x0000000000100000-0x000000003ffeffff]
[    0.000000] Initmem setup node 0 [mem 0x0000000000001000-0x000000003ffeffff]
[    0.000000] ACPI: PM-Timer IO Port: 0x4008
[    0.000000] IOAPIC[0]: apic_id 2, version 32, address 0xfec00000, GSI 0-23
[    0.000000] ACPI: INT_SRC_OVR (bus 0 bus_irq 0 global_irq 2 dfl dfl)
[    0.000000] ACPI: INT_SRC_OVR (bus 0 bus_irq 9 global_irq 9 low level)
[    0.000000] Using ACPI (MADT) for SMP configratn information
[    0.000000] smpboot: Allowing 2 CPUs, 0 hotplug CPUs
[  0.000000] PM: Registered nosave memory: [mem 0x00000000-0x00000fff]
[  0.000000] PM: Registered nosave memory: [mem 0x0009f000-0x0009ffff]
[    0.000000] PM: Registered nosave memory: [mem 0x000a0000-0x000effff]
[    0.000000] PM: Reisered nosave memory: [mem 0x000f0000-0x000fffff]
[    0.000000] e820: [mem 0x40000000-0xfebfffff] available for PCI devices
[    0.000000] Booting paravirtualized kernel on KVM
[    0.000000] clocksource: refined-jiffies: mask: 0xffffffff max_cycles: 0xffffffff, max_idle_ns: 7645519600211568 ns
[    0.000000] setup_percpu: NR_CPUS:512 nr_cpumask_bits:512 nr_cpu_ids:2 nr_node_ids:1
[    0.000000] PERCPU: Embedded 34 pages/cpu @ffff88003fc00000 s99544 r8192 d31528 u1048576
[    0.000000] PV qspinlock hash table entries: 256 (order: 0, 4096 bytes)
[    0.000000] Built 1 zonelists in Node order, mobility grouping on.  Total pages: 257912
[    0.000000] Policy zone: DMA32
[    0.000000] Kernel command line: BOOT_IMAGE=/boot/vmlinuz-4.4.0-131-generic root=LABEL=cloudimg-rootfs ro console=tty1 console=ttyS0
[    0.000000] PID hash table entries: 4096 (order: 3, 32768 bytes)
[    0.000000] Memory: 997724K/1048120K available (8546K kernel code, 1313K rwdata, 4000K rodata, 1516K init, 1316K bss, 50396K reserved, 0K cma-reserved)
[    0.000000] SLUB: HWalign=64, Order0-3, MinObjects=0, CPUs=2, Nodes=1
[    0.000000] Kernel/User page tables isolation: enabled
[    0.000000] Hierarchical RCU implementation.
[    0.000000] 	Build-time adjustment of leaf fanout to 64.
[    0.000000] 	RCU restricting CPUs from NR_CPUS=512 to nr_cpu_ids=2.
[    0.000000] RCU: Adjusting geometry for rcu_fanout_leaf=64, nr_cpu_ids=2
[    0.000000] NR_IRQS:33024 nr_irqs:440 16
[    0.000000] Console: colour VGA+ 80x25
[    0.000000] console [tty1] enabled
[    0.000000] console [ttyS0] enabled
[    0.000000] tsc: Detected 2294.790 MHz processor
[    0.765882] Calibrating delay loop (skipped) preset value.. 459.58 BogoMIPS (lpj=9179160)
[    0.810664] pid_max: default: 32768 minimum: 301
[    0.812685] ACPI: Core revision 20150930
[    0.816234] ACPI: 2 ACPI AML tables successfully acquired and loaded
[    0.832101] Security Framework initialized
[    0.833973] Yama: becoming mindful.
[    0.835586] AppArmor: AppArmor initialized
[    0.837691] Dentry cache hash table entries: 131072 (order: 8, 1048576 bytes)
[    0.876600] Inode-cache hash table entries: 65536 (order: 7, 524288 bytes)
[    0.887198] Mount-cache hash table entries: 2048 (order: 2, 16384 bytes)
[    0.897936] Mountpoint-cache hash table entries: 2048 (order: 2, 16384 bytes)
[    0.914146] Initializing cgroup subsys io
[    0.922604] Initializing cgroup subsys memory
[    0.924428] Initializing cgroup subsys devices
[    0.925813] Initializing cgroup subsys freezer
[    0.927193] Initializing cgroup subsys net_cls
[    0.928639] Initializing cgroup subsys perf_event
[    0.930340] Initializing cgroup subsys net_prio
[    0.931923] Initializing cgroup subsys hugetlb
[    0.933414] Initializing cgroup subsys pids
[    0.934845] CPU: Physical Processor ID: 0
[    0.936063] CPU: Processor Core ID: 0
[    0.937253] mce: CPU supports 0 MCE banks
[    0.938630] Last level iTLB entries: 4KB 512, 2MB 8, 4MB 8
[    0.960648] Last level dTLB entries: 4KB 512, 2MB 32, 4MB 32, 1GB 0
[    0.969034] Spectre V2 : Mitigation: Full generic retpoline
[    0.977128] Spectre V2 : Speculation control IBPB not-supported IBRS not-supported
[    0.979230] Speculative Store Bypass: Vulnerable
[    0.985115] Freeing SMP alternatives memory: 32K
[    1.005409] ftrace: allocating 32245 entries in 126 pages
[    1.093418] smpboot: APIC(0) Converting physical 0 to logical package 0
[    1.096111] smpboot: Max logical packages: 1
[    1.097952] x2apic enabled
[    1.099239] Switched APIC routing to physical x2apic.
[    1.102482] ..TIMER: vector=0x30 apic1=0 pin1=2 apic2=-1 pin2=-1
[    1.217160] smpboot: CPU0: Intel(R) Core(TM) i3-2350M CPU @ 2.30GHz (family: 0x6, model: 0x2a, stepping: 0x7)
[    1.221800] Performance Events: unsupported p6 CPU model 42 no PMU driver, software events only.
[    1.226534] KVM setup paravirtual spinlock
[    1.230118] x86: Booting SMP configuration:
[    1.231552] .... node  #0, CPUs:      #1
[    1.233158] kvm-clock: cpu 1, msr 0:3ffe3041, secondary cpu clock
[    1.235233] mce: CPU supports 0 MCE banks
[    1.238486] x86: Booted up 1 node, 2 CPUs
[    1.240347] smpboot: Total of 2 processors activated (9179.16 BogoMIPS)
[    1.243186] devtmpfs: initialized
[    1.247906] evm: security.selinux
[    1.249484] evm: security.SMACK64
[    1.251005] evm: security.SMACK64EXEC
[    1.252584] evm: security.SMACK64TRANSMUTE
[    1.254313] evm: security.SMACK64MMAP
[    1.256032] evm: security.ima
[    1.257469] evm: security.capability
[    1.259352] clocksource: jiffies: mask: 0xffffffff max_cycles: 0xffffffff, max_idle_ns: 7645041785100000 ns
[    1.262943] futex hash table entries: 512 (order: 3, 32768 bytes)
[    1.265384] pinctrl core: initialized pinctrl subsystem
[    1.267691] RTC time: 11:03:20, date: 08/03/18
[    1.269764] NET: Registered protocol family 16
[    1.283736] cpuidle: using governor ladder
[    1.297665] cpuidle: using governor menu
[    1.299163] PCCT header not found.
[    1.300565] ACPI: bus type PCI registered
[    1.302008] acpiphp: ACPI Hot Plug PCI Controller Driver version: 0.5
[    1.304333] PCI: Using configuration type 1 for base access
[    1.319289] ACPI: Added _OSI(Module Device)
[    1.320851] ACPI: Added _OSI(Processor Device)
[    1.322385] ACPI: Added _OSI(3.0 _SCP Extensions)
[    1.331117] ACPI: Added _OSI(Processor Aggregator Device)
[    1.333879] ACPI: Executed 1 blocks of module-level executable AML code
[    1.339087] ACPI: Interpreter enabled
[    1.342181] ACPI: (supports S0 S5)
[    1.343466] ACPI: Using IOAPIC for interrupt routing
[    1.345172] PCI: Using host bridge windows from ACPI; if necessary, use "pci=nocrs" and report a bug
[    1.360252] ACPI: PCI Root Bridge [PCI0] (domain 0000 [bus 00-ff])
[    1.362026] acpi PNP0A03:00: _OSC: OS supports [ASPM ClockPM Segments MSI]
[    1.364064] acpi PNP0A03:00: _OSC: not requesting OS control; OS requires [ExtendedConfig ASPM ClockPM MSI]
[    1.366885] acpi PNP0A03:00: fail to add MMCONFIG information, can't access extended PCI configuration space under this bridge.
[    1.370460] PCI host bridge to bus 0000:00
[    1.371714] pci_bus 0000:00: root bus resource [io  0x0000-0x0cf7 window]
[    1.379818] pci_bus 0000:00: root bus resource [io  0x0d00-0xffff window]
[    1.382115] pci_bus 0000:00: root bus resource [mem 0x000a0000-0x000bffff window]
[    1.385070] pci_bus 0000:00: root bus resource [mem 0x40000000-0xfdffffff window]
[    1.402580] pci_bus 0000:00: root bus resource [bus 00-ff]
[    1.422528] pci 0000:00:01.1: legacy IDE quirk: reg 0x10: [io  0x01f0-0x01f7]
[    1.431412] pci 0000:00:01.1: legacy IDE quirk: reg 0x14: [io  0x03f6]
[    1.440826] pci 0000:00:01.1: legacy IDE quirk: reg 0x18: [io  0x0170-0x0177]
[    1.457659] pci 0000:00:01.1: legacy IDE quirk: reg 0x1c: [io  0x0376]
[    1.494468] pci 0000:00:07.0: quirk: [io  0x4000-0x403f] claimed by PIIX4 ACPI
[    1.498517] pci 0000:00:07.0: quirk: [io  0x4100-0x410f] claimed by PIIX4 SMB
[    1.522557] ACPI: PCI Interrupt Link [LNKA] (IRQs 5 9 10 *11)
[    1.527011] ACPI: PCI Interrupt Link [LNKB] (IRQs 5 9 *10 11)
[    1.529445] ACPI: PCI Interrupt Link [LNKC] (IRQs 5 *9 10 11)
[    1.531862] ACPI: PCI Interrupt Link [LNKD] (IRQs 5 9 10 *11)
[    1.534267] ACPI: Enabled 2 GPEs in block 00 to 07
[    1.536457] vgaarb: setting as boot device: PCI:0000:00:02.0
[    1.538177] vgaarb: device added: PCI:0000:00:02.0,decodes=io+mem,owns=io+mem,locks=none
[    1.540678] vgaarb: loaded
[    1.541690] vgaarb: bridge control possible 0000:00:02.0
[    1.543584] SCSI subsystem initialized
[    1.544964] ACPI: bus type USB registered
[    1.546285] usbcore: registered new interface driver usbfs
[    1.547894] usbcore: registered new interface driver hub
[    1.549458] usbcore: registered new device driver usb
[    1.553065] PCI: Using ACPI for IRQ routing
[    1.560407] NetLabel: Initializing
[    1.567598] NetLabel:  domain hash size = 128
[    1.577625] NetLabel:  protocols = UNLABELED CIPSOv4
[    1.585782] NetLabel:  unlabeled traffic allowed by default
[    1.601358] amd_nb: Cannot enumerate AMD northbridges
[    1.604432] clocksource: Switched to clocksource kvm-clock
[    1.619549] AppArmor: AppArmor Filesystem Enabled
[    1.647 p: P PInit
[    1.977619] pnp: PnP ACPI: found 3 devices

[  1917] cloksrc: acpi_pm: mask: 0xffffff max_cycles: 0xffffff, max_idle_ns: 2085701024 ns
[    2.305822] NET: Registered protocol family 2

[    2.308217] TCP established hash table entries: 8192 (order: 4, 65536 bytes)
[    2.311581] TCP bind hash table entries: 8192 (order: 5, 131072 bytes)
[    2.314649] TCP: Hash tables configured (established 8192 bind 8192)
[    2.317459] UDP hash table entries: 512 (order: 2, 16384 bytes)
[    2.320041] UDP-Lite hash table entries: 512 (order: 2, 16384 bytes)
[    2.322885] NET: Registered protocol family 1
[    2.324988] pci 0000:00:00.0: Limiting directCI/PCI transfers
[    2.391176] pci 0000:00:01.0: Activating ISA DMA hang workarounds
[    2.393068] Unpacking initramfs...

[    2.713364] Freeing initrd memory: 14792K
[    2.731693] RAPL PMU detected, API unit is 2^-32 Joules, 3 fixed counters 10737418240 ms ovfl timer
[    2.735429] hw unit of domain pp0-core 2^-0 Joules
[    2.737489] hw unit of domain package 2^-0 Joules
[    2.751457] hw unit of domain pp1-gpu 2^-0 Joules
[    2.753500] platform rtc_cmos: registered platform RTC device (no PNP device found)
[    2.756131] Scanning for low memory corruption every 60 seconds
[    2.771135] audit: initializing netlink subsys (disabled)
[    2.787555] audit: type=2000 audit(1533294207.688:1): initialized
[    2.790310] Initialise system trusted keyring
[    2.792051] HugeTLB registered 2 MB page size, pre-allocated 0 pages
[    2.795889] zbud: loaded
[    2.797508] VFS: Disk quotas dquot_6.6.0
[    2.798817] VFS: Dquot-cache hash table entries: 512 (order 0, 4096 bytes)
[    2.801461] squashfs: version 4.0 (2009/01/31) Phillip Lougher
[    2.811790] fuse init (API version 7.23)
[    2.819456] Key type big_key registered
[    2.820857] Allocating IMA MOK and blacklist keyrings.
[    2.825135] Key type asymmetric registered
[    2.834219] Asymmetric key parser 'x509' registered
[    2.843004] Block layer SCSI generic (bsg) driver version 0.4 loaded (major 249)
[    2.864534] io scheduler noop registered
[    2.866205] io scheduler deadline registered (default)
[    2.867938] io scheduler cfq registered
[    2.869455] pci_hotplug: PCI Hot Plug PCI Core version: 0.5
[    2.871147] pciehp: PCI Express Hot Plug Controller Driver version: 0.4
[    2.875563] ACPI: AC Adapter [AC] (on-line)
[    2.876956] input: Power Button as /devices/LNXSYSTM:00/LNXPWRBN:00/input/input0
[    2.879412] ACPI: Power Button [PWRF]
[    2.880724] input: Sleep Button as /devices/LNXSYSTM:00/LNXSLPBN:00/input/input1
[    2.883134] ACPI: Sleep Button [SLPF]
[    2.885724] ACPI: Battery Slot [BAT0] (battery present)
[    2.887340] GHES: HEST is not enabled!
[    2.888749] Serial: 8250/16550 driver, 32 ports, IRQ sharing enabled
[    2.914457] 00:02: ttyS0 at I/O 0x3f8 (irq = 4, base_baud = 115200) is a 16550A
[    2.918775] Linux agpgart interface v0.103
[    2.922237] loop: module loaded
[    2.924220] scsi host0: ata_piix
[    2.925541] scsi host1: ata_piix
[    2.926695] ata1: PATA max UDMA/33 cmd 0x1f0 ctl 0x3f6 bmdma 0xd000 irq 14
[    2.928766] ata2: PATA max UDMA/33 cmd 0x170 ctl 0x376 bmdma 0xd008 irq 15
[    2.930873] libphy: Fixed MDIO Bus: probed
[    2.932274] tun: Universal TUN/TAP device driver, 1.6
[    2.933885] tun: (C) 1999-2004 Max Krasnyansky <maxk@qualcomm.com>
[    2.935633] PPP generic driver version 2.4.2
[    2.937115] ehci_hcd: USB 2.0 'Enhanced' Host Controller (EHCI) Driver
[    2.938994] ehci-pci: EHCI PCI platform driver
[    2.940314] ehci-platform: EHCI generic platform driver
[    2.941856] ohci_hcd: USB 1.1 'Open' Host Controller (OHCI) Driver
[    2.943832] ohci-pci: OHCI PCI platform driver
[    2.962313] ohci-platform: OHCI generic platform driver
[    2.971745] uhci_hcd: USB Universal Host Controller Interface driver
[    2.973680] i8042: PNP: PS/2 Controller [PNP0303:PS2K,PNP0f03:PS2M] at 0x60,0x64 irq 1,12
[    2.976686] serio: i8042 KBD port at 0x60,0x64 irq 1
[    2.978190] serio: i8042 AUX port at 0x60,0x64 irq 12
[    2.979803] mousedev: PS/2 mouse device common for all mice
[    2.982339] input: AT Translated Set 2 keyboard as /devices/platform/i8042/serio0/input/input2
[    2.984974] rtc_cmos rtc_cmos: rtc core: registered rtc_cmos as rtc0
[    2.987303] rtc_cmos rtc_cmos: alarms up to one day, 114 bytes nvram
[    2.994753] i2c /dev entries driver
[    2.995939] device-mapper: uevent: version 1.0.3
[    2.997635] device-mapper: ioctl: 4.34.0-ioctl (2015-10-28) initialised: dm-devel@redhat.com
[    3.000106] ledtrig-cpu: registered to indicate activity on CPUs
[    3.002657] NET: Registered protocol family 10
[    3.004267] NET: Registered protocol family 17
[    3.006055] Key type dns_resolver registered
[    3.019352] registered taskstats version 1
[    3.045166] Loading compiled-in X.509 certificates
[    3.066629] Loaded X.509 cert 'Build time autogenerated kernel key: 8f274abdf49cd12572c1533a34d1eafea768213f'
[  3692]sw: loaded using pool lzo/zbud

[    3.371119] Key type trusted registered
[    3.381436] Key type encrypted registered
[    3.383317] AppArmor: AppArmor sha1 policy hashing enabled
[    3.385866] ima: No TPM chip found, activating TPM-bypass!
[    3.388177] ima: Allocated hash algorithm: sha1
[    3.390261] evm: HMAC attrs: 0x1
[    3.392473]   Magic number: 14:913:73
[    3.394735] acpi PNP8390:00: hash matches
[    3.397594] rtc_cmos rtc_cmos: setting system clock to 2018-08-03 11:03:22 UTC (1533294202)
[    3.402381] BIOS EDD facility v0.16 2004-Jun-25, 0 devices found
[    3.405339] EDD information not available.
[    3.410869] Freeing unused kernel memory: 1516K
[    3.424572] Write protecting the kernel read-only data: 14336k
[    3.428151] Freeing unused kernel memory: 1680K
[    3.431545] Freeing unused kernel memory: 96K
Loading, please wait...
starting version 229
[    3.462118] random: systemd-udevd: uninitialized urandom read (16 bytes read, 2 bits of entropy available)
[    3.463337] random: udevadm: uninitialized urandom read (16 bytes read, 2 bits of entropy available)
[    3.463408] random: udevadm: uninitialized urandom read (16 bytes read, 2 bits of entropy available)
[    3.495483] random: udevadm: uninitialized urandom read (16 bytes read, 2 bits of entropy available)
[    3.495583] random: udevadm: uninitialized urandom read (16 bytes read, 2 bits of entropy available)
[    3.496100] random: udevadm: uninitialized urandom read (16 bytes read, 2 bits of entropy available)
[    3.496295] random: udevadm: uninitialized urandom read (16 bytes read, 2 bits of entropy available)
[    3.496556] random: udevadm: uninitialized urandom read (16 bytes read, 2 bits of entropy available)
[    3.496781] random: udevadm: uninitialized urandom read (16 bytes read, 2 bits of entropy available)
[    3.496974] random: udevadm: uninitialized urandom read (16 bytes read, 2 bits of entropy available)
[    3.615522] e1000: Intel(R) PRO/1000 Network Driver - version 7.3.21-k8-NAPI
[    3.618380] e1000: Copyright (c) 1999-2006 Intel Corporation.
[    3.620908] Fusion MPT base driver 3.04.20
[    3.622759] Copyright (c) 1999-2008 LSI Corporation
[    3.656253] Fusion MPT SPI Host driver 3.04.20
[    3.752555] tsc: Refined TSC clocksource calibration: 2294.420 MHz
[    3.760667] clocksource: tsc: mask: 0xffffffffffffffff max_cycles: 0x21129dbff45, max_idle_ns: 440795204567 ns
[    3.843379] input: ImExPS/2 Generic Explorer Mouse as /devices/platform/i8042/serio1/input/input4
[    4.078773] e1000 0000:00:03.0 eth0: (PCI:33MHz:32-bit) 02:51:ce:62:00:80
[    4.110574] e1000 0000:00:03.0 eth0: Intel(R) PRO/1000 Network Connection
[    4.123514] e1000 0000:00:03.0 enp0s3: renamed from eth0
[    4.125676] mptbase: ioc0: Initiating bringup
[    4.189317] ioc0: LSI53C1030 A0: Capabilities={Initiator}
[    4.375850] scsi host2: ioc0: LSI53C1030 A0, FwRev=00000000h, Ports=1, MaxQ=256, IRQ=20
[    4.493405] scsi 2:0:0:0: Direct-Access     VBOX     HARDDISK         1.0  PQ: 0 ANSI: 5
[    4.499562] scsi target2:0:0: Beginning Domain Validation
[    4.503042] scsi target2:0:0: Domain Validation skipping write tests
[    4.507932] scsi target2:0:0: Ending Domain Validation
[    4.510088] scsi target2:0:0: asynchronous
[    4.526173] scsi 2:0:1:0: Direct-Access     VBOX     HARDDISK         1.0  PQ: 0 ANSI: 5
[    4.529432] scsi target2:0:1: Beginning Domain Validation
[    4.533993] scsi target2:0:1: Domain Validation skipping write tests
[    4.536390] scsi target2:0:1: Ending Domain Validation
[    4.538539] scsi target2:0:1: asynchronous
[    4.552170] sd 2:0:0:0: [sda] 20971520 512-byte logical blocks: (10.7 GB/10.0 GiB)
[    4.555688] sd 2:0:0:0: Attached scsi generic sg0 type 0
[    4.558238] sd 2:0:0:0: [sda] Write Protect is off
[    4.559879] sd 2:0:1:0: [sdb] 20480 512-byte logical blocks: (10.5 MB/10.0 MiB)
[    4.560154] sd 2:0:1:0: [sdb] Write Protect is off
[    4.560300] sd 2:0:1:0: [sdb] Incomplete mode parameter data
[    4.560302] sd 2:0:1:0: [sdb] Assuming drive cache: write through
[    4.564777] sd 2:0:1:0: Attached scsi generic sg1 type 0
[    4.575081] sd 2:0:0:0: [sda] Incomplete mode parameter data
[    4.578496] sd 2:0:0:0: [sda] Assuming drive cache: write through
[    4.603448]  sda: sda1
[    4.605068] sd 2:0:1:0: [sdb] Attached SCSI disk
[    4.608164] sd 2:0:0:0: [sda] Attached SCSI disk
Begin: Loading essential drivers[    6.171757] md: linear personality registered for level -1
 ... [    6.209252] md: multipath personality registered for level -4
[    6.221357] md: raid0 personality registered for level 0
[    6.228395] md: raid1 personality registered for level 1
[    6.305466] raid6: sse2x1   gen()  5766 MB/s
[    6.384543] raid6: sse2x1   xor()  4102 MB/s
[    6.452884] raid6: sse2x2   gen()  6303 MB/s
[    6.548745] raid6: sse2x2   xor()  5137 MB/s
[    6.617086] raid6: sse2x4   gen()  7579 MB/s
[    6.684457] raid6: sse2x4   xor()  6297 MB/s
[    6.686274] raid6: using algorithm sse2x4 gen() 7579 MB/s
[    6.694193] raid6: .... xor() 6297 MB/s, rmw enabled
[    6.696057] raid6: using ssse3x2 recovery algorithm
[    6.707598] xor: automatically using best checksumming function:
[    6.748535]    avx       : 12493.000 MB/sec
[    6.752070] async_tx: api initialized (async)
[    6.766386] md: raid6 personality registered for level 6
[    6.768661] md: raid5 personality registered for level 5
[    6.772431] md: raid4 personality registered for level 4
[    6.786780] md: raid10 personality registered for level 10
done.
Begin: Running /scripts/init-premount ... done.
Begin: Mounting root file system ... Begin: Running /scripts/local-top ... done.
Begin: Running /scripts/local-premount ... [    6.853713] Btrfs loaded
Scanning for Btrfs filesystems
done.
Warning: fsck not present, so skipping root file system
[    6.938840] EXT4-fs (sda1): mounted filesystem with ordered data mode. Opts: (null)
done.
Begin: Running /scripts/local-bottom ... done.
Begin: Running /scripts/init-bottom ... done.
[    7.741055] systemd[1]: systemd 229 running in system mode. (+PAM +AUDIT +SELINUX +IMA +APPARMOR +SMACK +SYSVINIT +UTMP +LIBCRYPTSETUP +GCRYPT +GNUTLS +ACL +XZ -LZ4 +SECCOMP +BLKID +ELFUTILS +KMOD -IDN)
[    7.844708] systemd[1]: Detected virtualization oracle.
[    7.854943] systemd[1]: Detected architecture x86-64.

Welcome to [1mUbuntu 16.04.5 LTS[0m!

[    7.943553] systemd[1]: Set hostname to <ubuntu-xenial>.
[    8.049253] random: nonblocking pool is initialized
[    9.405968] systemd[1]: Created slice User and Session Slice.
[[0;32m  OK  [0m] Created slice User and Session Slice.
[    9.410740] systemd[1]: Listening on /dev/initctl Compatibility Named Pipe.
[[0;32m  OK  [0m] Listening on /dev/initctl Compatibility Named Pipe.
[    9.416246] systemd[1]: Listening on LVM2 metadata daemon socket.
[[0;32m  OK  [0m] Listening on LVM2 metadata daemon socket.
[    9.437471] systemd[1]: Listening on Journal Audit Socket.
[[0;32m  OK  [0m] Listening on Journal Audit Socket.
[    9.442372] systemd[1]: Started Forward Password Requests to Wall Directory Watch.
[[0;32m  OK  [0m] Started Forward Password Requests to Wall Directory Watch.
[    9.449243] systemd[1]: Set up automount Arbitrary Executable File Formats File System Automount Point.
[[0;32m  OK  [0m] Set up automount Arbitrary Executab...ats File System Automount Point.
[    9.457151] systemd[1]: Listening on Journal Socket (/dev/log).
[[0;32m  OK  [0m] Listening on Journal Socket (/dev/log).
[    9.463027] systemd[1]: Listening on Syslog Socket.
[[0;32m  OK  [0m] Listening on Syslog Socket.
[    9.467971] systemd[1]: Listening on udev Kernel Socket.
[[0;32m  OK  [0m] Listening on udev Kernel Socket.
[    9.473595] systemd[1]: Listening on Journal Socket.
[[0;32m  OK  [0m] Listening on Journal Socket.
[    9.478979] systemd[1]: Reached target System Time Synchronized.
[[0;32m  OK  [0m] Reached target System Time Synchronized.
[    9.485343] systemd[1]: Created slice System Slice.
[[0;32m  OK  [0m] Created slice System Slice.
[    9.500674] systemd[1]: Mounting POSIX Message Queue File System...
         Mounting POSIX Message Queue File System...
[    9.507596] systemd[1]: Mounting Huge Pages File System...
         Mounting Huge Pages File System...
[    9.513841] systemd[1]: Mounting Debug File System...
         Mounting Debug File System...
[    9.546479] systemd[1]: Starting Remount Root and Kernel File Systems...
         Starting Remount Root and Kernel File Systems...
[    9.554502] systemd[1]: Starting Journal Service...
         Starting Journal Service...
[    9.563529] systemd[1]: Starting Uncomplicated firewall...
         Starting Uncomplicated firewall...
[    9.605220] systemd[1]: Starting Load Kernel Modules...
         Starting Load Kernel Modules...
[    9.610272] systemd[1]: Created slice system-serial\x2dgetty.slice.
[[0;32m  OK  [0m] Created slice system-serial\x2dgetty.slice.
[    9.616614] systemd[1]: Starting Create list of required static device nodes for the current kernel...
         Starting Create list of required st... nodes for the current kernel...
[    9.625005] systemd[1]: Starting Nameserver information manager...
         Starting Nameserver information manager...
[    9.630685] systemd[1]: Listening on Device-mapper event daemon FIFOs.
[[0;32m  OK  [0m] Listening on Device-mapper event daemon FIFOs.
[    9.640005] systemd[1]: Starting Monitoring of LVM2 mirrors, snapshots etc. using dmeventd or progress polling...
         Starting Monitoring of LVM2 mirrors... dmeventd or progress polling...
[    9.661131] systemd[1]: Reached target Swap.
[[0;32m  OK  [0m] Reached target Swap.
[    9.667234] systemd[1]: Listening on udev Control Socket.
[[0;32m  OK  [0m] Listening on udev Control Socket.
[    9.676226] systemd[1]: Reached target Slices.
[[0;32m  OK  [0m] Reached target Slices.
[    9.697974] systemd[1]: Starting Set console keymap...
         Starting Set console keymap...
[    9.704058] systemd[1]: Listening on LVM2 poll daemon socket.
[[0;32m  OK  [0m] Listening on LVM2 poll daemon socket.
[    9.712516] systemd[1]: Started Trigger resolvconf update for networkd DNS.
[[0;32m  OK  [0m] Started Trigger resolvconf update for networkd DNS.
[    9.719641] systemd[1]: Reached target User and Group Name Lookups.
[[0;32m  OK  [0m] Reached target User and Group Name Lookups.
[    9.726196] systemd[1]: Reached target Encrypted Volumes.
[[0;32m  OK  [0m] Reached target Encrypted Volumes.
[    9.748218] systemd[1]: Started Uncomplicated firewall.
[[0;32m  OK  [0m] Started Uncomplicated firewall.
[    9.770613] systemd[1]: Started Create list of required static device nodes for the current kernel.
[[0;32m  OK  [0m] Started Create list of required sta...ce nodes for the current kernel.
[    9.792191] Loading iSCSI transport class v2.0-870.
[    9.825004] systemd[1]: Starting Create Static Device Nodes in /dev...
         Starting Create Static Device Nodes in /dev...
[    9.874440] iscsi: registered transport (tcp)
[    9.962277] systemd[1]: Started Journal Service.
[[0;32m  OK  [0m] Started Journal Service.
[[0;32m  OK  [0m] Mounted Huge Pages File System.
[   10.016725] EXT4-fs (sda1): re-mounted. Opts: (null)
[[0;32m  OK  [0m] Mounted POSIX Message Queue File System.
[[0;32m  OK  [0m] Mounted Debug File System.
[[0;32m  OK  [0m] Started Remount Root and Kernel File Systems.
         Starting Flush Journal to Persistent Storage...
         Starting udev Coldplug all Devices...
         Starting Load/Save Random Seed...
[[0;32m  OK  [0m] Started Nameserver information manager.
[   10.166278] systemd-journald[360]: Received request to flush runtime journal from PID 1
[[0;32m  OK  [0m] Started Flush Journal to Persistent Storage.
[[0;32m  OK  [0m] Started udev Coldplug all Devices.
[[0;32m  OK  [0m] Started Load/Save Random Seed.
[[0;32m  OK  [0m] Started LVM2 metadata daemon.
[   10.473246] iscsi: registered transport (iser)
[[0;32m  OK  [0m] Started Load Kernel Modules.
         Mounting FUSE Control File System...
         Starting Apply Kernel Variables...
[[0;32m  OK  [0m] Mounted FUSE Control File System.
[[0;32m  OK  [0m] Started Set console keymap.
[[0;32m  OK  [0m] Started Apply Kernel Variables.
[[0;32m  OK  [0m] Started Monitoring of LVM2 mirrors,...ng dmeventd or progress polling.
[[0;32m  OK  [0m] Started Create Static Device Nodes in /dev.
         Starting udev Kernel Device Manager...
[[0;32m  OK  [0m] Started udev Kernel Device Manager.
[[0;32m  OK  [0m] Started Dispatch Password Requests to Console Directory Watch.
[[0;32m  OK  [0m] Reached target Local File Systems (Pre).
[[0;32m  OK  [0m] Reached target Local File Systems.
         Starting Tell Plymouth To Write Out Runtime Data...
         Starting Set console font and keymap...
         Starting Create Volatile Files and Directories...
         Starting LSB: AppArmor initialization...
         Starting Initial cloud-init job (pre-networking)...
[[0;32m  OK  [0m] Started Tell Plymouth To Write Out Runtime Data.
[[0;32m  OK  [0m] Found device /dev/ttyS0.
[[0;32m  OK  [0m] Started Create Volatile Files and Directories.
         Starting Update UTMP about System Boot/Shutdown...
[[0;32m  OK  [0m] Listening on Load/Save RF Kill Switch Status /dev/rfkill Watch.
[[0;32m  OK  [0m] Started Update UTMP about System Boot/Shutdown.
[[0;32m  OK  [0m] Found device 82540EM Gigabit Ethern...r (PRO/1000 MT Desktop Adapter).
[[0;32m  OK  [0m] Started LSB: AppArmor initialization.
[[0;32m  OK  [0m] Started Set console font and keymap.
[[0;32m  OK  [0m] Created slice system-getty.slice.
[   17.172910] cloud-init[474]: Cloud-init v. 18.2 running 'init-local' at Fri, 03 Aug 2018 11:03:36 +0000. Up 16.22 seconds.
[[0;32m  OK  [0m] Started Initial cloud-init job (pre-networking).
[[0;32m  OK  [0m] Reached target Network (Pre).
         Starting Raise network interfaces...
[[0;32m  OK  [0m] Started ifup for enp0s3.
[[0;32m  OK  [0m] Started Raise network interfaces.
[[0;32m  OK  [0m] Reached target Network.
         Starting Initial cloud-init job (metadata service crawler)...
[   19.271320] cloud-init[947]: Cloud-init v. 18.2 running 'init' at Fri, 03 Aug 2018 11:03:38 +0000. Up 18.24 seconds.
[   19.323441] cloud-init[947]: ci-info: ++++++++++++++++++++++++++++++++++++Net device info+++++++++++++++++++++++++++++++++++++
[   19.339487] cloud-init[947]: ci-info: +--------+------+--------------------------+---------------+-------+-------------------+
[   19.372905] cloud-init[947]: ci-info: | Device |  Up  |         Address          |      Mask     | Scope |     Hw-Address    |
[   19.373358] cloud-init[947]: ci-info: +--------+------+--------------------------+---------------+-------+-------------------+
[   19.373897] cloud-init[947]: ci-info: | enp0s3 | True |        10.0.2.15         | 255.255.255.0 |   .   | 02:51:ce:62:00:80 |
[   19.374265] cloud-init[947]: ci-info: | enp0s3 | True | fe80::51:ceff:fe62:80/64 |       .       |  link | 02:51:ce:62:00:80 |
[   19.374554] cloud-init[947]: ci-info: |   lo   | True |        127.0.0.1         |   255.0.0.0   |   .   |         .         |
[   19.374883] cloud-init[947]: ci-info: |   lo   | True |         ::1/128          |       .       |  host |         .         |
[   19.375288] cloud-init[947]: ci-info: +--------+------+--------------------------+---------------+-------+-------------------+
[   19.375575] cloud-init[947]: ci-info: +++++++++++++++++++++++++++Route IPv4 info++++++++++++++++++++++++++++
[   19.375889] cloud-init[947]: ci-info: +-------+-------------+----------+---------------+-----------+-------+
[[0;32m  OK  [0m] Started Initial cloud-init job (metadata service crawler).
[   19.377352] cloud-init[947]: ci-info: | Route | Destination | Gateway  |    Genmask    | Interface | Flags |
[   19.538393] cloud-init[947]: ci-info: +-------+-------------+----------+---------------+-----------+-------+
[   19.544012] cloud-init[947]: ci-info: |   0   |   0.0.0.0   | 10.0.2.2 |    0.0.0.0    |   enp0s3  |   UG  |
[   19.549060] cloud-init[947]: ci-info: |   1   |   10.0.2.0  | 0.0.0.0  | 255.255.255.0 |   enp0s3  |   U   |[[0;32m  OK  [0m] Reached target System Initialization.
         Starting Socket activation for snappy daemon.

[   19.558339] cloud-init[947]: ci-info: +-------+-------------+----------+---------------+-----------+-------+
         Starting LXD - unix socket.
[[0;32m  OK  [0m] Started ACPI Events Check.
[[0;32m  OK  [0m] Reached target Paths.
[[0;32m  OK  [0m] Listening on UUID daemon activation socket.
[[0;32m  OK  [0m] Started Daily Cleanup of Temporary Directories.
[[0;32m  OK  [0m] Listening on ACPID Listen Socket.
[[0;32m  OK  [0m] Listening on D-Bus System Message Bus Socket.
[[0;32m  OK  [0m] Started Daily apt download activities.
[[0;32m  OK  [0m] Started Daily apt upgrade and clean activities.
[[0;32m  OK  [0m] Reached target Timers.
[[0;32m  OK  [0m] Reached target Network is Online.
         Starting iSCSI initiator daemon (iscsid)...
[[0;32m  OK  [0m] Reached target Cloud-config availability.
[[0;32m  OK  [0m] Listening on Socket activation for snappy daemon.
[[0;32m  OK  [0m] Listening on LXD - unix socket.
[[0;32m  OK  [0m] Reached target Sockets.
[[0;32m  OK  [0m] Reached target Basic System.
[[0;32m  OK  [0m] Started FUSE filesystem for LXC.
[[0;32m  OK  [0m] Started Regular background program processing daemon.
         Starting Login Service...
         Starting Accounts Service...
         Starting Snappy daemon...
         Starting LXD - container startup/shutdown...
[[0;32m  OK  [0m] Started D-Bus System Message Bus.
         Starting LSB: Record successful boot for GRUB...
         Starting OpenBSD Secure Shell server...
         Starting System Logging Service...
[[0;32m  OK  [0m] Started Unattended Upgrades Shutdown.
[[0;32m  OK  [0m] Started ACPI event daemon.
[[0;32m  OK  [0m] Started Deferred execution scheduler.
         Starting /etc/rc.local Compatibility...
         Starting LSB: MD monitoring daemon...
         Starting Apply the settings specified in cloud-config...
         Starting Virtualbox guest utils...
[[0;32m  OK  [0m] Started /etc/rc.local Compatibility.
[[0;32m  OK  [0m] Started Login Service.
[[0;32m  OK  [0m] Started iSCSI initiator daemon (iscsid).
         Starting Login to default iSCSI targets...
         Starting Authenticate and Authorize Users to Run Privileged Tasks...
[[0;32m  OK  [0m] Started LSB: MD monitoring daemon.
[[0;32m  OK  [0m] Started LSB: Record successful boot for GRUB.
[[0;32m  OK  [0m] Started System Logging Service.
[[0;32m  OK  [0m] Started Login to default iSCSI targets.
[[0;32m  OK  [0m] Reached target Remote File Systems (Pre).
[[0;32m  OK  [0m] Reached target Remote File Systems.
         Starting LSB: Apache2 web server...
         Starting Permit User Sessions...
         Starting LSB: daemon to balance interrupts for SMP systems...
         Starting LSB: automatic crash report generation...
         Starting LSB: Set the CPU Frequency Scaling governor to "ondemand"...
[[0;32m  OK  [0m] Started Permit User Sessions.
[[0;32m  OK  [0m] Started Authenticate and Authorize Users to Run Privileged Tasks.
[[0;32m  OK  [0m] Started Accounts Service.
         Starting Terminate Plymouth Boot Screen...
         Starting Hold until boot process finishes up...
[[0;32m  OK  [0m] Started LSB: Set the CPU Frequency Scaling governor to "ondemand".
[[0;32m  OK  [0m] Started Terminate Plymouth Boot Screen.
[[0;32m  OK  [0m] Started Hold until boot process finishes up.
[[0;32m  OK  [0m] Started Serial Getty on ttyS0.
[[0;32m  OK  [0m] Started Getty on tty1.
[[0;32m  OK  [0m] Reached target Login Prompts.
         Starting Set console scheme...
[[0;32m  OK  [0m] Started Set console scheme.
[[0;32m  OK  [0m] Started LSB: daemon to balance interrupts for SMP systems.
[[0;32m  OK  [0m] Started Virtualbox guest utils.
[   22.834216] cloud-init[1039]: Cloud-init v. 18.2 running 'modules:config' at Fri, 03 Aug 2018 11:03:42 +0000. Up 21.79 seconds.
[[0;32m  OK  [0m] Started LSB: automatic crash report generation.
[[0;32m  OK  [0m] Started Apply the settings specified in cloud-config.
[[0;32m  OK  [0m] Started OpenBSD Secure Shell server.
[[0;32m  OK  [0m] Started LXD - container startup/shutdown.
[[0;32m  OK  [0m] Started Snappy daemon.
         Starting Wait until snapd is fully seeded...
[[0;32m  OK  [0m] Started Wait until snapd is fully seeded.
[[0;32m  OK  [0m] Created slice User Slice of vagrant.
         Starting User Manager for UID 1000...
[[0;32m  OK  [0m] Started Session 1 of user vagrant.
[[0;32m  OK  [0m] Started User Manager for UID 1000.
[[0;32m  OK  [0m] Started LSB: Apache2 web server.
[[0;32m  OK  [0m] Reached target Multi-User System.
[[0;32m  OK  [0m] Reached target Graphical Interface.
         Starting Update UTMP about System Runlevel Changes...
         Starting Execute cloud user/final scripts...
[[0;32m  OK  [0m] Started Update UTMP about System Runlevel Changes.
[   28.147559] cloud-init[1305]: Cloud-init v. 18.2 running 'modules:final' at Fri, 03 Aug 2018 11:03:47 +0000. Up 27.56 seconds.
[   28.151689] cloud-init[1305]: Cloud-init v. 18.2 finished at Fri, 03 Aug 2018 11:03:48 +0000. Datasource DataSourceNoCloud [seed=/dev/sdb][dsmode=net].  Up 28.12 seconds

Ubuntu 16.04.5 LTS ubuntu-xenial ttyS0

ubuntu-xenial login: 